[02/17/21, 21:43:24:568] info: 
╔═══════════════════════════════════════════════════════╗
║      Slack 4.12.2, linux 5.4.0-65-generic on x64      ║
╚═══════════════════════════════════════════════════════╝ 
[02/17/21, 21:43:24:569] info: Configured logger via 
{
  "enableConsoleTransport": true,
  "identifierOverride": "webapp-service-worker-console",
  "shouldUseNewBackend": false,
  "loggerInstanceCount": 2
}
[02/17/21, 21:43:24:569] info: Predefined values for process 
{
  "NODE_ENV": "production",
  "platform": "linux",
  "type": "browser",
  "PACKAGE_MANIFEST.productName": "Slack",
  "PACKAGE_MANIFEST.version": "4.12.2",
  "PACKAGE_MANIFEST.commit": "cb3f3e6",
  "PACKAGE_MANIFEST.branch": "HEAD",
  "PACKAGE_MANIFEST.useSentry": true
}
